<?xml version='1.0'?>
<ns2:test-suite xmlns:ns2='urn:model.allure.qatools.yandex.ru' start='1588273129225' stop='1588273134342'>
    <name>Verify login page test cases</name>
    <title>Verify login page test cases</title>
    <test-cases>
        <test-case start='1588273129226' status='broken' stop='1588273134339'>
            <name>fetch all links on homepage</name>
            <title>fetch all links on homepage</title>
            <labels>
                <label name='language' value='javascript'/>
                <label name='framework' value='wdio'/>
                <label name='thread' value='0-0'/>
            </labels>
            <parameters>
                <parameter kind='argument' name='browser' value='chrome'/>
            </parameters>
            <steps/>
            <attachments/>
            <failure>
                <message>fetch is not defined</message>
                <stack-trace>ReferenceError: fetch is not defined
                    at Context.&lt;anonymous> (C:\Users\Deepak\Documents\webdriverIOFramework\test\login.test.js:12:9)
                    at Context.executeSync (C:\Users\Deepak\Documents\webdriverIOFramework\node_modules\@wdio\sync\build\index.js:56:18)
                    at C:\Users\Deepak\Documents\webdriverIOFramework\node_modules\@wdio\sync\build\index.js:82:70</stack-trace>
            </failure>
        </test-case>
        <test-case start='1588273134340' status='pending' stop='1588273134340'>
            <name>User navigate to login page</name>
            <title>User navigate to login page</title>
            <labels/>
            <parameters/>
            <steps/>
            <attachments/>
            <failure>
                <message>Test ignored</message>
                <stack-trace>undefined</stack-trace>
            </failure>
        </test-case>
        <test-case start='1588273134341' status='pending' stop='1588273134341'>
            <name>Enter credentials on login Page</name>
            <title>Enter credentials on login Page</title>
            <labels/>
            <parameters/>
            <steps/>
            <attachments/>
            <failure>
                <message>Test ignored</message>
                <stack-trace>undefined</stack-trace>
            </failure>
        </test-case>
        <test-case start='1588273134341' status='pending' stop='1588273134341'>
            <name>Verify that user successfully logged in</name>
            <title>Verify that user successfully logged in</title>
            <labels/>
            <parameters/>
            <steps/>
            <attachments/>
            <failure>
                <message>Test ignored</message>
                <stack-trace>undefined</stack-trace>
            </failure>
        </test-case>
    </test-cases>
</ns2:test-suite>